Временной интервал
Пт 09 июн 2023 18:26:56 MSK
Список последних пяти  IP адресов с наибольшим кол-вом запросов
     55 188.242.82.120
     90 176.97.33.2
    151 79.134.210.218
    399 85.114.18.228
    640 95.161.177.237
Список полседних пяти запрашиваемых URL с наибольшим кол-вом запросов
     32 /login
     78 /
    155 /ocs/v2.php/apps/notifications/api/v2/notifications
    190 /csrftoken
    468 /ocs/v2.php/apps/user_status/api/v1/heartbeat?format=json
Ошибки веб-сервера/приложения c момента последнего запуска
      2 401
      3 499
      4 412
     16 400
     40 404
Список всех кодов HTTP ответа
      1 HTTP/1.1"
      1 \x9D\xBF-\x92W\xD8
      2 301
      2 401
      3 157
      3 499
      4 412
      6 206
      7 201
      7 204
     13 101
     14 303
     16 "-"
     16 400
     28 207
     40 404
     68 302
    152 304
   1244 200
